-- Logs begin at Mon 2025-06-23 13:47:01 UTC, end at Fri 2025-07-18 02:57:33 UTC. --
Jul 18 02:54:23 dev-dsk-arjunry-2a-b09a8b2f.us-west-2.amazon.com systemd[1]: Started /bin/nerdctl container healthcheck --start-period 211b57cf15099a99a3a1a9469736ce388a1722e7896394f379628534f347a05d --debug.
Jul 18 02:54:23 dev-dsk-arjunry-2a-b09a8b2f.us-west-2.amazon.com nerdctl[13824]: time="2025-07-18T02:54:23Z" level=debug msg="Start period workflow: health check failed but still in start period, maintaining Starting status"
Jul 18 02:54:25 dev-dsk-arjunry-2a-b09a8b2f.us-west-2.amazon.com systemd[1]: Started /bin/nerdctl container healthcheck --start-period 211b57cf15099a99a3a1a9469736ce388a1722e7896394f379628534f347a05d --debug.
Jul 18 02:54:25 dev-dsk-arjunry-2a-b09a8b2f.us-west-2.amazon.com nerdctl[14052]: time="2025-07-18T02:54:25Z" level=debug msg="Start period workflow: health check failed but still in start period, maintaining Starting status"
Jul 18 02:54:27 dev-dsk-arjunry-2a-b09a8b2f.us-west-2.amazon.com systemd[1]: Started /bin/nerdctl container healthcheck --start-period 211b57cf15099a99a3a1a9469736ce388a1722e7896394f379628534f347a05d --debug.
Jul 18 02:54:27 dev-dsk-arjunry-2a-b09a8b2f.us-west-2.amazon.com nerdctl[14126]: time="2025-07-18T02:54:27Z" level=debug msg="Start period workflow: health check failed but still in start period, maintaining Starting status"
Jul 18 02:54:30 dev-dsk-arjunry-2a-b09a8b2f.us-west-2.amazon.com systemd[1]: Started /bin/nerdctl container healthcheck --start-period 211b57cf15099a99a3a1a9469736ce388a1722e7896394f379628534f347a05d --debug.
Jul 18 02:54:30 dev-dsk-arjunry-2a-b09a8b2f.us-west-2.amazon.com nerdctl[14231]: time="2025-07-18T02:54:30Z" level=debug msg="Start period workflow: health check failed but still in start period, maintaining Starting status"
Jul 18 02:54:32 dev-dsk-arjunry-2a-b09a8b2f.us-west-2.amazon.com systemd[1]: Started /bin/nerdctl container healthcheck --start-period 211b57cf15099a99a3a1a9469736ce388a1722e7896394f379628534f347a05d --debug.
Jul 18 02:54:32 dev-dsk-arjunry-2a-b09a8b2f.us-west-2.amazon.com nerdctl[14308]: time="2025-07-18T02:54:32Z" level=debug msg="Start period workflow: health check failed but still in start period, maintaining Starting status"
Jul 18 02:54:35 dev-dsk-arjunry-2a-b09a8b2f.us-west-2.amazon.com systemd[1]: Started /bin/nerdctl container healthcheck --start-period 211b57cf15099a99a3a1a9469736ce388a1722e7896394f379628534f347a05d --debug.
Jul 18 02:54:35 dev-dsk-arjunry-2a-b09a8b2f.us-west-2.amazon.com nerdctl[14384]: time="2025-07-18T02:54:35Z" level=debug msg="Start period workflow: health check failed but still in start period, maintaining Starting status"
Jul 18 02:54:37 dev-dsk-arjunry-2a-b09a8b2f.us-west-2.amazon.com systemd[1]: Started /bin/nerdctl container healthcheck --start-period 211b57cf15099a99a3a1a9469736ce388a1722e7896394f379628534f347a05d --debug.
Jul 18 02:54:37 dev-dsk-arjunry-2a-b09a8b2f.us-west-2.amazon.com nerdctl[14465]: time="2025-07-18T02:54:37Z" level=debug msg="Start period workflow: health check failed but still in start period, maintaining Starting status"
Jul 18 02:54:40 dev-dsk-arjunry-2a-b09a8b2f.us-west-2.amazon.com systemd[1]: Started /bin/nerdctl container healthcheck --start-period 211b57cf15099a99a3a1a9469736ce388a1722e7896394f379628534f347a05d --debug.
Jul 18 02:54:40 dev-dsk-arjunry-2a-b09a8b2f.us-west-2.amazon.com nerdctl[14521]: time="2025-07-18T02:54:40Z" level=debug msg="Start period workflow: health check failed but still in start period, maintaining Starting status"
Jul 18 02:54:42 dev-dsk-arjunry-2a-b09a8b2f.us-west-2.amazon.com systemd[1]: Started /bin/nerdctl container healthcheck --start-period 211b57cf15099a99a3a1a9469736ce388a1722e7896394f379628534f347a05d --debug.
Jul 18 02:54:42 dev-dsk-arjunry-2a-b09a8b2f.us-west-2.amazon.com nerdctl[14568]: time="2025-07-18T02:54:42Z" level=debug msg="Start period workflow: health check failed but still in start period, maintaining Starting status"
Jul 18 02:54:45 dev-dsk-arjunry-2a-b09a8b2f.us-west-2.amazon.com systemd[1]: Started /bin/nerdctl container healthcheck --start-period 211b57cf15099a99a3a1a9469736ce388a1722e7896394f379628534f347a05d --debug.
Jul 18 02:54:45 dev-dsk-arjunry-2a-b09a8b2f.us-west-2.amazon.com nerdctl[14675]: time="2025-07-18T02:54:45Z" level=debug msg="Start period workflow: health check failed but still in start period, maintaining Starting status"
Jul 18 02:54:47 dev-dsk-arjunry-2a-b09a8b2f.us-west-2.amazon.com systemd[1]: Started /bin/nerdctl container healthcheck --start-period 211b57cf15099a99a3a1a9469736ce388a1722e7896394f379628534f347a05d --debug.
Jul 18 02:54:47 dev-dsk-arjunry-2a-b09a8b2f.us-west-2.amazon.com nerdctl[14744]: time="2025-07-18T02:54:47Z" level=debug msg="Start period workflow: health check failed but still in start period, maintaining Starting status"
Jul 18 02:54:50 dev-dsk-arjunry-2a-b09a8b2f.us-west-2.amazon.com systemd[1]: Started /bin/nerdctl container healthcheck --start-period 211b57cf15099a99a3a1a9469736ce388a1722e7896394f379628534f347a05d --debug.
Jul 18 02:54:50 dev-dsk-arjunry-2a-b09a8b2f.us-west-2.amazon.com nerdctl[14810]: time="2025-07-18T02:54:50Z" level=debug msg="Start period workflow: health check failed but still in start period, maintaining Starting status"
Jul 18 02:54:52 dev-dsk-arjunry-2a-b09a8b2f.us-west-2.amazon.com systemd[1]: Started /bin/nerdctl container healthcheck --start-period 211b57cf15099a99a3a1a9469736ce388a1722e7896394f379628534f347a05d --debug.
Jul 18 02:54:52 dev-dsk-arjunry-2a-b09a8b2f.us-west-2.amazon.com nerdctl[14867]: time="2025-07-18T02:54:52Z" level=debug msg="Start period workflow: health check failed but still in start period, maintaining Starting status"
Jul 18 02:54:54 dev-dsk-arjunry-2a-b09a8b2f.us-west-2.amazon.com systemd[1]: Started /bin/nerdctl container healthcheck --start-period 211b57cf15099a99a3a1a9469736ce388a1722e7896394f379628534f347a05d --debug.
Jul 18 02:54:55 dev-dsk-arjunry-2a-b09a8b2f.us-west-2.amazon.com nerdctl[14942]: time="2025-07-18T02:54:55Z" level=debug msg="Start period workflow: health check failed but still in start period, maintaining Starting status"
Jul 18 02:54:57 dev-dsk-arjunry-2a-b09a8b2f.us-west-2.amazon.com systemd[1]: Started /bin/nerdctl container healthcheck --start-period 211b57cf15099a99a3a1a9469736ce388a1722e7896394f379628534f347a05d --debug.
Jul 18 02:54:57 dev-dsk-arjunry-2a-b09a8b2f.us-west-2.amazon.com nerdctl[15112]: time="2025-07-18T02:54:57Z" level=debug msg="Start period workflow: health check failed but still in start period, maintaining Starting status"
Jul 18 02:54:59 dev-dsk-arjunry-2a-b09a8b2f.us-west-2.amazon.com systemd[1]: Started /bin/nerdctl container healthcheck --start-period 211b57cf15099a99a3a1a9469736ce388a1722e7896394f379628534f347a05d --debug.
Jul 18 02:54:59 dev-dsk-arjunry-2a-b09a8b2f.us-west-2.amazon.com nerdctl[15213]: time="2025-07-18T02:54:59Z" level=debug msg="Start period workflow: health check failed but still in start period, maintaining Starting status"
Jul 18 02:55:02 dev-dsk-arjunry-2a-b09a8b2f.us-west-2.amazon.com systemd[1]: Started /bin/nerdctl container healthcheck --start-period 211b57cf15099a99a3a1a9469736ce388a1722e7896394f379628534f347a05d --debug.
Jul 18 02:55:02 dev-dsk-arjunry-2a-b09a8b2f.us-west-2.amazon.com nerdctl[15394]: time="2025-07-18T02:55:02Z" level=debug msg="Start period workflow: health check failed but still in start period, maintaining Starting status"
Jul 18 02:55:04 dev-dsk-arjunry-2a-b09a8b2f.us-west-2.amazon.com systemd[1]: Started /bin/nerdctl container healthcheck --start-period 211b57cf15099a99a3a1a9469736ce388a1722e7896394f379628534f347a05d --debug.
Jul 18 02:55:04 dev-dsk-arjunry-2a-b09a8b2f.us-west-2.amazon.com nerdctl[15450]: time="2025-07-18T02:55:04Z" level=debug msg="Start period workflow: health check failed but still in start period, maintaining Starting status"
Jul 18 02:55:07 dev-dsk-arjunry-2a-b09a8b2f.us-west-2.amazon.com systemd[1]: Started /bin/nerdctl container healthcheck --start-period 211b57cf15099a99a3a1a9469736ce388a1722e7896394f379628534f347a05d --debug.
Jul 18 02:55:07 dev-dsk-arjunry-2a-b09a8b2f.us-west-2.amazon.com nerdctl[15498]: time="2025-07-18T02:55:07Z" level=debug msg="Start period workflow: health check failed but still in start period, maintaining Starting status"
Jul 18 02:55:09 dev-dsk-arjunry-2a-b09a8b2f.us-west-2.amazon.com systemd[1]: Started /bin/nerdctl container healthcheck --start-period 211b57cf15099a99a3a1a9469736ce388a1722e7896394f379628534f347a05d --debug.
Jul 18 02:55:09 dev-dsk-arjunry-2a-b09a8b2f.us-west-2.amazon.com nerdctl[15732]: time="2025-07-18T02:55:09Z" level=debug msg="Start period workflow: health check failed but still in start period, maintaining Starting status"
Jul 18 02:55:11 dev-dsk-arjunry-2a-b09a8b2f.us-west-2.amazon.com systemd[1]: Started /bin/nerdctl container healthcheck --start-period 211b57cf15099a99a3a1a9469736ce388a1722e7896394f379628534f347a05d --debug.
Jul 18 02:55:11 dev-dsk-arjunry-2a-b09a8b2f.us-west-2.amazon.com nerdctl[15899]: time="2025-07-18T02:55:11Z" level=debug msg="Start period workflow: health check failed but still in start period, maintaining Starting status"
Jul 18 02:55:14 dev-dsk-arjunry-2a-b09a8b2f.us-west-2.amazon.com systemd[1]: Started /bin/nerdctl container healthcheck --start-period 211b57cf15099a99a3a1a9469736ce388a1722e7896394f379628534f347a05d --debug.
Jul 18 02:55:14 dev-dsk-arjunry-2a-b09a8b2f.us-west-2.amazon.com nerdctl[16015]: time="2025-07-18T02:55:14Z" level=debug msg="Start period workflow: container became healthy, cleaning up timer"
Jul 18 02:55:14 dev-dsk-arjunry-2a-b09a8b2f.us-west-2.amazon.com nerdctl[16015]: ⏱️  Removing start-period timer unit: 211b57cf15099a99a3a1a9469736ce388a1722e7896394f379628534f347a05d
Jul 18 02:55:14 dev-dsk-arjunry-2a-b09a8b2f.us-west-2.amazon.com systemd[1]: Stopping /bin/nerdctl container healthcheck --start-period 211b57cf15099a99a3a1a9469736ce388a1722e7896394f379628534f347a05d --debug...
Jul 18 02:55:14 dev-dsk-arjunry-2a-b09a8b2f.us-west-2.amazon.com systemd[1]: Stopped /bin/nerdctl container healthcheck --start-period 211b57cf15099a99a3a1a9469736ce388a1722e7896394f379628534f347a05d --debug.
