-- Logs begin at Mon 2025-06-23 13:47:01 UTC, end at Fri 2025-07-18 02:57:45 UTC. --
Jul 18 02:54:23 dev-dsk-arjunry-2a-b09a8b2f.us-west-2.amazon.com systemd[1]: Started /bin/nerdctl container healthcheck --health 211b57cf15099a99a3a1a9469736ce388a1722e7896394f379628534f347a05d --debug.
Jul 18 02:54:23 dev-dsk-arjunry-2a-b09a8b2f.us-west-2.amazon.com nerdctl[13819]: time="2025-07-18T02:54:23Z" level=debug msg="Health-interval workflow: starting execution for container 211b57cf15099a99a3a1a9469736ce388a1722e7896394f379628534f347a05d"
Jul 18 02:54:23 dev-dsk-arjunry-2a-b09a8b2f.us-west-2.amazon.com nerdctl[13819]: time="2025-07-18T02:54:23Z" level=debug msg="Health-interval workflow: current status=starting, failing_streak=0"
Jul 18 02:54:23 dev-dsk-arjunry-2a-b09a8b2f.us-west-2.amazon.com nerdctl[13819]: time="2025-07-18T02:54:23Z" level=debug msg="Health-interval workflow: still_in_start_period=true, start_period=2m0s"
Jul 18 02:54:23 dev-dsk-arjunry-2a-b09a8b2f.us-west-2.amazon.com nerdctl[13819]: time="2025-07-18T02:54:23Z" level=debug msg="Health-interval workflow: health check failed (exit_code=1)"
Jul 18 02:54:23 dev-dsk-arjunry-2a-b09a8b2f.us-west-2.amazon.com nerdctl[13819]: time="2025-07-18T02:54:23Z" level=debug msg="Health-interval workflow: still in start period, ignoring failure"
Jul 18 02:54:23 dev-dsk-arjunry-2a-b09a8b2f.us-west-2.amazon.com nerdctl[13819]: time="2025-07-18T02:54:23Z" level=debug msg="Health-interval workflow: final status=starting, failing_streak=0"
Jul 18 02:54:53 dev-dsk-arjunry-2a-b09a8b2f.us-west-2.amazon.com systemd[1]: Started /bin/nerdctl container healthcheck --health 211b57cf15099a99a3a1a9469736ce388a1722e7896394f379628534f347a05d --debug.
Jul 18 02:54:53 dev-dsk-arjunry-2a-b09a8b2f.us-west-2.amazon.com nerdctl[14904]: time="2025-07-18T02:54:53Z" level=debug msg="Health-interval workflow: starting execution for container 211b57cf15099a99a3a1a9469736ce388a1722e7896394f379628534f347a05d"
Jul 18 02:54:53 dev-dsk-arjunry-2a-b09a8b2f.us-west-2.amazon.com nerdctl[14904]: time="2025-07-18T02:54:53Z" level=debug msg="Health-interval workflow: current status=starting, failing_streak=0"
Jul 18 02:54:53 dev-dsk-arjunry-2a-b09a8b2f.us-west-2.amazon.com nerdctl[14904]: time="2025-07-18T02:54:53Z" level=debug msg="Health-interval workflow: still_in_start_period=true, start_period=2m0s"
Jul 18 02:54:53 dev-dsk-arjunry-2a-b09a8b2f.us-west-2.amazon.com nerdctl[14904]: time="2025-07-18T02:54:53Z" level=debug msg="Health-interval workflow: health check failed (exit_code=1)"
Jul 18 02:54:53 dev-dsk-arjunry-2a-b09a8b2f.us-west-2.amazon.com nerdctl[14904]: time="2025-07-18T02:54:53Z" level=debug msg="Health-interval workflow: still in start period, ignoring failure"
Jul 18 02:54:53 dev-dsk-arjunry-2a-b09a8b2f.us-west-2.amazon.com nerdctl[14904]: time="2025-07-18T02:54:53Z" level=debug msg="Health-interval workflow: final status=starting, failing_streak=0"
Jul 18 02:55:24 dev-dsk-arjunry-2a-b09a8b2f.us-west-2.amazon.com systemd[1]: Started /bin/nerdctl container healthcheck --health 211b57cf15099a99a3a1a9469736ce388a1722e7896394f379628534f347a05d --debug.
Jul 18 02:55:24 dev-dsk-arjunry-2a-b09a8b2f.us-west-2.amazon.com nerdctl[16477]: time="2025-07-18T02:55:24Z" level=debug msg="Health-interval workflow: starting execution for container 211b57cf15099a99a3a1a9469736ce388a1722e7896394f379628534f347a05d"
Jul 18 02:55:24 dev-dsk-arjunry-2a-b09a8b2f.us-west-2.amazon.com nerdctl[16477]: time="2025-07-18T02:55:24Z" level=debug msg="Health-interval workflow: current status=starting, failing_streak=0"
Jul 18 02:55:24 dev-dsk-arjunry-2a-b09a8b2f.us-west-2.amazon.com nerdctl[16477]: time="2025-07-18T02:55:24Z" level=debug msg="Health-interval workflow: still_in_start_period=true, start_period=2m0s"
Jul 18 02:55:24 dev-dsk-arjunry-2a-b09a8b2f.us-west-2.amazon.com nerdctl[16477]: time="2025-07-18T02:55:24Z" level=debug msg="Health-interval workflow: health check succeeded (exit_code=0)"
Jul 18 02:55:24 dev-dsk-arjunry-2a-b09a8b2f.us-west-2.amazon.com nerdctl[16477]: time="2025-07-18T02:55:24Z" level=info msg="Health-interval workflow: transitioning from starting to Healthy"
Jul 18 02:55:24 dev-dsk-arjunry-2a-b09a8b2f.us-west-2.amazon.com nerdctl[16477]: time="2025-07-18T02:55:24Z" level=debug msg="Health-interval workflow: updated status=Healthy, failing_streak=0"
Jul 18 02:55:24 dev-dsk-arjunry-2a-b09a8b2f.us-west-2.amazon.com nerdctl[16477]: time="2025-07-18T02:55:24Z" level=debug msg="Health-interval workflow: final status=healthy, failing_streak=0"
Jul 18 02:55:54 dev-dsk-arjunry-2a-b09a8b2f.us-west-2.amazon.com systemd[1]: Started /bin/nerdctl container healthcheck --health 211b57cf15099a99a3a1a9469736ce388a1722e7896394f379628534f347a05d --debug.
Jul 18 02:55:54 dev-dsk-arjunry-2a-b09a8b2f.us-west-2.amazon.com nerdctl[17372]: time="2025-07-18T02:55:54Z" level=debug msg="Health-interval workflow: starting execution for container 211b57cf15099a99a3a1a9469736ce388a1722e7896394f379628534f347a05d"
Jul 18 02:55:54 dev-dsk-arjunry-2a-b09a8b2f.us-west-2.amazon.com nerdctl[17372]: time="2025-07-18T02:55:54Z" level=debug msg="Health-interval workflow: current status=healthy, failing_streak=0"
Jul 18 02:55:54 dev-dsk-arjunry-2a-b09a8b2f.us-west-2.amazon.com nerdctl[17372]: time="2025-07-18T02:55:54Z" level=debug msg="Health-interval workflow: still_in_start_period=true, start_period=2m0s"
Jul 18 02:55:54 dev-dsk-arjunry-2a-b09a8b2f.us-west-2.amazon.com nerdctl[17372]: time="2025-07-18T02:55:54Z" level=debug msg="Health-interval workflow: health check succeeded (exit_code=0)"
Jul 18 02:55:54 dev-dsk-arjunry-2a-b09a8b2f.us-west-2.amazon.com nerdctl[17372]: time="2025-07-18T02:55:54Z" level=debug msg="Health-interval workflow: updated status=Healthy, failing_streak=0"
Jul 18 02:55:54 dev-dsk-arjunry-2a-b09a8b2f.us-west-2.amazon.com nerdctl[17372]: time="2025-07-18T02:55:54Z" level=debug msg="Health-interval workflow: final status=healthy, failing_streak=0"
Jul 18 02:56:25 dev-dsk-arjunry-2a-b09a8b2f.us-west-2.amazon.com systemd[1]: Started /bin/nerdctl container healthcheck --health 211b57cf15099a99a3a1a9469736ce388a1722e7896394f379628534f347a05d --debug.
Jul 18 02:56:25 dev-dsk-arjunry-2a-b09a8b2f.us-west-2.amazon.com nerdctl[18371]: time="2025-07-18T02:56:25Z" level=debug msg="Health-interval workflow: starting execution for container 211b57cf15099a99a3a1a9469736ce388a1722e7896394f379628534f347a05d"
Jul 18 02:56:25 dev-dsk-arjunry-2a-b09a8b2f.us-west-2.amazon.com nerdctl[18371]: time="2025-07-18T02:56:25Z" level=debug msg="Health-interval workflow: current status=healthy, failing_streak=0"
Jul 18 02:56:25 dev-dsk-arjunry-2a-b09a8b2f.us-west-2.amazon.com nerdctl[18371]: time="2025-07-18T02:56:25Z" level=debug msg="Health-interval workflow: still_in_start_period=false, start_period=2m0s"
Jul 18 02:56:25 dev-dsk-arjunry-2a-b09a8b2f.us-west-2.amazon.com nerdctl[18371]: time="2025-07-18T02:56:25Z" level=debug msg="Health-interval workflow: health check succeeded (exit_code=0)"
Jul 18 02:56:25 dev-dsk-arjunry-2a-b09a8b2f.us-west-2.amazon.com nerdctl[18371]: time="2025-07-18T02:56:25Z" level=debug msg="Health-interval workflow: updated status=Healthy, failing_streak=0"
Jul 18 02:56:25 dev-dsk-arjunry-2a-b09a8b2f.us-west-2.amazon.com nerdctl[18371]: time="2025-07-18T02:56:25Z" level=debug msg="Health-interval workflow: final status=healthy, failing_streak=0"
Jul 18 02:56:55 dev-dsk-arjunry-2a-b09a8b2f.us-west-2.amazon.com systemd[1]: Started /bin/nerdctl container healthcheck --health 211b57cf15099a99a3a1a9469736ce388a1722e7896394f379628534f347a05d --debug.
Jul 18 02:56:56 dev-dsk-arjunry-2a-b09a8b2f.us-west-2.amazon.com nerdctl[19484]: time="2025-07-18T02:56:56Z" level=debug msg="Health-interval workflow: starting execution for container 211b57cf15099a99a3a1a9469736ce388a1722e7896394f379628534f347a05d"
Jul 18 02:56:56 dev-dsk-arjunry-2a-b09a8b2f.us-west-2.amazon.com nerdctl[19484]: time="2025-07-18T02:56:56Z" level=debug msg="Health-interval workflow: current status=healthy, failing_streak=0"
Jul 18 02:56:56 dev-dsk-arjunry-2a-b09a8b2f.us-west-2.amazon.com nerdctl[19484]: time="2025-07-18T02:56:56Z" level=debug msg="Health-interval workflow: still_in_start_period=false, start_period=2m0s"
Jul 18 02:56:56 dev-dsk-arjunry-2a-b09a8b2f.us-west-2.amazon.com nerdctl[19484]: time="2025-07-18T02:56:56Z" level=debug msg="Health-interval workflow: health check succeeded (exit_code=0)"
Jul 18 02:56:56 dev-dsk-arjunry-2a-b09a8b2f.us-west-2.amazon.com nerdctl[19484]: time="2025-07-18T02:56:56Z" level=debug msg="Health-interval workflow: updated status=Healthy, failing_streak=0"
Jul 18 02:56:56 dev-dsk-arjunry-2a-b09a8b2f.us-west-2.amazon.com nerdctl[19484]: time="2025-07-18T02:56:56Z" level=debug msg="Health-interval workflow: final status=healthy, failing_streak=0"
Jul 18 02:57:26 dev-dsk-arjunry-2a-b09a8b2f.us-west-2.amazon.com systemd[1]: Started /bin/nerdctl container healthcheck --health 211b57cf15099a99a3a1a9469736ce388a1722e7896394f379628534f347a05d --debug.
Jul 18 02:57:26 dev-dsk-arjunry-2a-b09a8b2f.us-west-2.amazon.com nerdctl[20148]: time="2025-07-18T02:57:26Z" level=debug msg="Health-interval workflow: starting execution for container 211b57cf15099a99a3a1a9469736ce388a1722e7896394f379628534f347a05d"
Jul 18 02:57:26 dev-dsk-arjunry-2a-b09a8b2f.us-west-2.amazon.com nerdctl[20148]: time="2025-07-18T02:57:26Z" level=debug msg="Health-interval workflow: current status=healthy, failing_streak=0"
Jul 18 02:57:26 dev-dsk-arjunry-2a-b09a8b2f.us-west-2.amazon.com nerdctl[20148]: time="2025-07-18T02:57:26Z" level=debug msg="Health-interval workflow: still_in_start_period=false, start_period=2m0s"
Jul 18 02:57:26 dev-dsk-arjunry-2a-b09a8b2f.us-west-2.amazon.com nerdctl[20148]: time="2025-07-18T02:57:26Z" level=debug msg="Health-interval workflow: health check succeeded (exit_code=0)"
Jul 18 02:57:26 dev-dsk-arjunry-2a-b09a8b2f.us-west-2.amazon.com nerdctl[20148]: time="2025-07-18T02:57:26Z" level=debug msg="Health-interval workflow: updated status=Healthy, failing_streak=0"
Jul 18 02:57:26 dev-dsk-arjunry-2a-b09a8b2f.us-west-2.amazon.com nerdctl[20148]: time="2025-07-18T02:57:26Z" level=debug msg="Health-interval workflow: final status=healthy, failing_streak=0"
